2015-01-05 14:24:08,056 [main] INFO  o.a.c.i.c.DefaultTypeConverter - Loaded 182 type converters
2015-01-05 14:24:08,066 [main] INFO  o.a.camel.impl.DefaultCamelContext - Apache Camel 2.10.2 (CamelContext: camel-1) is starting
2015-01-05 14:24:08,199 [main] INFO  o.a.c.m.ManagementStrategyFactory - JMX enabled.
2015-01-05 14:24:08,274 [main] INFO  o.a.c.m.DefaultManagementLifecycleStrategy - StatisticsLevel at All so enabling load performance statistics
2015-01-05 14:24:08,285 [main] INFO  o.a.camel.impl.DefaultCamelContext - Total 0 routes, of which 0 is started.
2015-01-05 14:24:08,286 [main] INFO  o.a.camel.impl.DefaultCamelContext - Apache Camel 2.10.2 (CamelContext: camel-1) started in 0.219 seconds
2015-01-05 14:24:09,503 [main] INFO  o.a.camel.impl.DefaultCamelContext - Route: route1 started and consuming from: Endpoint[direct://com.codetrails.hippie.completion.rcp.call]
2015-01-05 14:24:09,592 [main] INFO  o.a.c.p.a.AggregateProcessor - Using CompletionTimeout to trigger after 0 millis of inactivity.
2015-01-05 14:24:09,630 [main] INFO  o.a.camel.impl.DefaultCamelContext - Route: route2 started and consuming from: Endpoint[seda://com.codetrails.hippie.completion.rcp.call?waitForTaskToComplete=Never]
2015-01-05 14:24:09,673 [main] INFO  o.a.camel.impl.DefaultCamelContext - Route: route3 started and consuming from: Endpoint[direct://com.codetrails.hippie.completion.rcp.ctor]
2015-01-05 14:24:09,727 [main] INFO  o.a.c.p.a.AggregateProcessor - Using CompletionTimeout to trigger after 0 millis of inactivity.
2015-01-05 14:24:09,762 [main] INFO  o.a.camel.impl.DefaultCamelContext - Route: route4 started and consuming from: Endpoint[seda://com.codetrails.hippie.completion.rcp.ctor?waitForTaskToComplete=Never]
2015-01-05 14:24:09,827 [main] INFO  o.a.camel.impl.DefaultCamelContext - Route: route5 started and consuming from: Endpoint[direct://com.codetrails.hippie.completion.rcp.ovrd]
2015-01-05 14:24:09,855 [main] INFO  o.a.c.p.a.AggregateProcessor - Using CompletionTimeout to trigger after 0 millis of inactivity.
2015-01-05 14:24:09,887 [main] INFO  o.a.camel.impl.DefaultCamelContext - Route: route6 started and consuming from: Endpoint[seda://com.codetrails.hippie.completion.rcp.ovrd?waitForTaskToComplete=Never]
2015-01-07 11:48:50,911 [main] WARN  o.e.r.i.c.rcp.TypeBindingAnalyzer - Can't handle class org.eclipse.jdt.internal.compiler.ast.BinaryExpression as parent of completion location.
2015-01-07 11:49:23,297 [main] WARN  o.e.r.i.c.rcp.TypeBindingAnalyzer - Can't handle class org.eclipse.jdt.internal.compiler.ast.BinaryExpression as parent of completion location.
2015-01-07 11:49:30,608 [main] WARN  o.e.r.i.c.rcp.TypeBindingAnalyzer - Can't handle class org.eclipse.jdt.internal.compiler.ast.BinaryExpression as parent of completion location.
2015-01-07 12:50:57,145 [Camel (camel-1) thread #1 - AggregateTimeoutChecker] ERROR o.a.c.processor.DefaultErrorHandler - Failed delivery for (MessageId: ID-Seans-MacBook-Air-local-51248-1420493047867-0-33 on ExchangeId: ID-Seans-MacBook-Air-local-51248-1420493047867-0-35). Exhausted after delivery attempt: 1 caught: java.net.UnknownHostException: download.codetrails.com
java.net.UnknownHostException: download.codetrails.com
	at java.net.AbstractPlainSocketImpl.connect(AbstractPlainSocketImpl.java:184) ~[na:1.8.0_25]
	at java.net.SocksSocketImpl.connect(SocksSocketImpl.java:392) ~[na:1.8.0_25]
	at java.net.Socket.connect(Socket.java:589) ~[na:1.8.0_25]
	at java.net.Socket.connect(Socket.java:538) ~[na:1.8.0_25]
	at java.net.Socket.<init>(Socket.java:434) ~[na:1.8.0_25]
	at java.net.Socket.<init>(Socket.java:286) ~[na:1.8.0_25]
	at org.apache.commons.httpclient.protocol.DefaultProtocolSocketFactory.createSocket(DefaultProtocolSocketFactory.java:80) ~[na:na]
	at org.apache.commons.httpclient.protocol.DefaultProtocolSocketFactory.createSocket(DefaultProtocolSocketFactory.java:122) ~[na:na]
	at org.apache.commons.httpclient.HttpConnection.open(HttpConnection.java:707) ~[org.apache.commons.httpclient_3.1.0.v201012070820.jar:na]
	at org.apache.commons.httpclient.MultiThreadedHttpConnectionManager$HttpConnectionAdapter.open(MultiThreadedHttpConnectionManager.java:1361) ~[org.apache.commons.httpclient_3.1.0.v201012070820.jar:na]
	at org.apache.commons.httpclient.HttpMethodDirector.executeWithRetry(HttpMethodDirector.java:387) ~[org.apache.commons.httpclient_3.1.0.v201012070820.jar:na]
	at org.apache.commons.httpclient.HttpMethodDirector.executeMethod(HttpMethodDirector.java:171) ~[org.apache.commons.httpclient_3.1.0.v201012070820.jar:na]
	at org.apache.commons.httpclient.HttpClient.executeMethod(HttpClient.java:397) ~[org.apache.commons.httpclient_3.1.0.v201012070820.jar:na]
	at org.apache.commons.httpclient.HttpClient.executeMethod(HttpClient.java:323) ~[org.apache.commons.httpclient_3.1.0.v201012070820.jar:na]
	at org.apache.camel.component.http.HttpProducer.executeMethod(HttpProducer.java:243) ~[com.codetrails.camel_2.10.2.v20140305-1000.jar:na]
	at org.apache.camel.component.http.HttpProducer.process(HttpProducer.java:145) ~[com.codetrails.camel_2.10.2.v20140305-1000.jar:na]
	at org.apache.camel.util.AsyncProcessorConverterHelper$ProcessorToAsyncProcessorBridge.process(AsyncProcessorConverterHelper.java:61) ~[com.codetrails.camel_2.10.2.v20140305-1000.jar:na]
	at org.apache.camel.util.AsyncProcessorHelper.process(AsyncProcessorHelper.java:73) [com.codetrails.camel_2.10.2.v20140305-1000.jar:na]
	at org.apache.camel.processor.SendProcessor$2.doInAsyncProducer(SendProcessor.java:122) ~[com.codetrails.camel_2.10.2.v20140305-1000.jar:na]
	at org.apache.camel.impl.ProducerCache.doInAsyncProducer(ProducerCache.java:298) ~[com.codetrails.camel_2.10.2.v20140305-1000.jar:na]
	at org.apache.camel.processor.SendProcessor.process(SendProcessor.java:117) ~[com.codetrails.camel_2.10.2.v20140305-1000.jar:na]
	at org.apache.camel.util.AsyncProcessorHelper.process(AsyncProcessorHelper.java:73) [com.codetrails.camel_2.10.2.v20140305-1000.jar:na]
	at org.apache.camel.processor.DelegateAsyncProcessor.processNext(DelegateAsyncProcessor.java:99) [com.codetrails.camel_2.10.2.v20140305-1000.jar:na]
	at org.apache.camel.processor.DelegateAsyncProcessor.process(DelegateAsyncProcessor.java:90) [com.codetrails.camel_2.10.2.v20140305-1000.jar:na]
	at org.apache.camel.management.InstrumentationProcessor.process(InstrumentationProcessor.java:73) ~[com.codetrails.camel_2.10.2.v20140305-1000.jar:na]
	at org.apache.camel.util.AsyncProcessorHelper.process(AsyncProcessorHelper.java:73) [com.codetrails.camel_2.10.2.v20140305-1000.jar:na]
	at org.apache.camel.processor.DelegateAsyncProcessor.processNext(DelegateAsyncProcessor.java:99) [com.codetrails.camel_2.10.2.v20140305-1000.jar:na]
	at org.apache.camel.processor.DelegateAsyncProcessor.process(DelegateAsyncProcessor.java:90) [com.codetrails.camel_2.10.2.v20140305-1000.jar:na]
	at org.apache.camel.processor.interceptor.TraceInterceptor.process(TraceInterceptor.java:91) ~[com.codetrails.camel_2.10.2.v20140305-1000.jar:na]
	at org.apache.camel.util.AsyncProcessorHelper.process(AsyncProcessorHelper.java:73) [com.codetrails.camel_2.10.2.v20140305-1000.jar:na]
	at org.apache.camel.processor.RedeliveryErrorHandler.processErrorHandler(RedeliveryErrorHandler.java:334) [com.codetrails.camel_2.10.2.v20140305-1000.jar:na]
	at org.apache.camel.processor.RedeliveryErrorHandler.process(RedeliveryErrorHandler.java:220) [com.codetrails.camel_2.10.2.v20140305-1000.jar:na]
	at org.apache.camel.processor.RouteContextProcessor.processNext(RouteContextProcessor.java:45) [com.codetrails.camel_2.10.2.v20140305-1000.jar:na]
	at org.apache.camel.processor.DelegateAsyncProcessor.process(DelegateAsyncProcessor.java:90) [com.codetrails.camel_2.10.2.v20140305-1000.jar:na]
	at org.apache.camel.processor.interceptor.DefaultChannel.process(DefaultChannel.java:303) [com.codetrails.camel_2.10.2.v20140305-1000.jar:na]
	at org.apache.camel.util.AsyncProcessorHelper.process(AsyncProcessorHelper.java:73) [com.codetrails.camel_2.10.2.v20140305-1000.jar:na]
	at org.apache.camel.processor.Pipeline.process(Pipeline.java:117) [com.codetrails.camel_2.10.2.v20140305-1000.jar:na]
	at org.apache.camel.processor.Pipeline.process(Pipeline.java:80) [com.codetrails.camel_2.10.2.v20140305-1000.jar:na]
	at org.apache.camel.processor.RouteContextProcessor.processNext(RouteContextProcessor.java:45) [com.codetrails.camel_2.10.2.v20140305-1000.jar:na]
	at org.apache.camel.processor.DelegateAsyncProcessor.process(DelegateAsyncProcessor.java:90) [com.codetrails.camel_2.10.2.v20140305-1000.jar:na]
	at org.apache.camel.processor.UnitOfWorkProcessor.processAsync(UnitOfWorkProcessor.java:150) [com.codetrails.camel_2.10.2.v20140305-1000.jar:na]
	at org.apache.camel.processor.UnitOfWorkProcessor.process(UnitOfWorkProcessor.java:117) [com.codetrails.camel_2.10.2.v20140305-1000.jar:na]
	at org.apache.camel.util.AsyncProcessorHelper.process(AsyncProcessorHelper.java:99) [com.codetrails.camel_2.10.2.v20140305-1000.jar:na]
	at org.apache.camel.processor.DelegateAsyncProcessor.process(DelegateAsyncProcessor.java:86) [com.codetrails.camel_2.10.2.v20140305-1000.jar:na]
	at org.apache.camel.processor.aggregate.AggregateProcessor$1.run(AggregateProcessor.java:425) [com.codetrails.camel_2.10.2.v20140305-1000.jar:na]
	at java.util.concurrent.Executors$RunnableAdapter.call(Executors.java:511) [na:1.8.0_25]
	at java.util.concurrent.FutureTask.run(FutureTask.java:266) [na:1.8.0_25]
	at org.apache.camel.util.concurrent.SynchronousExecutorService.execute(SynchronousExecutorService.java:62) [com.codetrails.camel_2.10.2.v20140305-1000.jar:na]
	at java.util.concurrent.AbstractExecutorService.submit(AbstractExecutorService.java:112) [na:1.8.0_25]
	at org.apache.camel.processor.aggregate.AggregateProcessor.onSubmitCompletion(AggregateProcessor.java:417) [com.codetrails.camel_2.10.2.v20140305-1000.jar:na]
	at org.apache.camel.processor.aggregate.AggregateProcessor.onCompletion(AggregateProcessor.java:401) [com.codetrails.camel_2.10.2.v20140305-1000.jar:na]
	at org.apache.camel.processor.aggregate.AggregateProcessor$AggregationTimeoutMap.onEviction(AggregateProcessor.java:692) [com.codetrails.camel_2.10.2.v20140305-1000.jar:na]
	at org.apache.camel.processor.aggregate.AggregateProcessor$AggregationTimeoutMap.onEviction(AggregateProcessor.java:659) [com.codetrails.camel_2.10.2.v20140305-1000.jar:na]
	at org.apache.camel.support.DefaultTimeoutMap.purge(DefaultTimeoutMap.java:203) [com.codetrails.camel_2.10.2.v20140305-1000.jar:na]
	at org.apache.camel.processor.aggregate.AggregateProcessor$AggregationTimeoutMap.purge(AggregateProcessor.java:671) [com.codetrails.camel_2.10.2.v20140305-1000.jar:na]
	at org.apache.camel.support.DefaultTimeoutMap.run(DefaultTimeoutMap.java:159) [com.codetrails.camel_2.10.2.v20140305-1000.jar:na]
	at java.util.concurrent.Executors$RunnableAdapter.call(Executors.java:511) [na:1.8.0_25]
	at java.util.concurrent.FutureTask.runAndReset(FutureTask.java:308) [na:1.8.0_25]
	at java.util.concurrent.ScheduledThreadPoolExecutor$ScheduledFutureTask.access$301(ScheduledThreadPoolExecutor.java:180) [na:1.8.0_25]
	at java.util.concurrent.ScheduledThreadPoolExecutor$ScheduledFutureTask.run(ScheduledThreadPoolExecutor.java:294) [na:1.8.0_25]
	at java.util.concurrent.ThreadPoolExecutor.runWorker(ThreadPoolExecutor.java:1142) [na:1.8.0_25]
	at java.util.concurrent.ThreadPoolExecutor$Worker.run(ThreadPoolExecutor.java:617) [na:1.8.0_25]
	at java.lang.Thread.run(Thread.java:745) [na:1.8.0_25]
2015-01-07 12:50:57,152 [Camel (camel-1) thread #1 - AggregateTimeoutChecker] WARN  o.a.c.p.a.AggregateProcessor - Error processing aggregated exchange. Exchange[Message: [26bab709-c906-4284-8335-056e751fdefe]]. Caused by: [java.net.UnknownHostException - download.codetrails.com]
java.net.UnknownHostException: download.codetrails.com
	at java.net.AbstractPlainSocketImpl.connect(AbstractPlainSocketImpl.java:184) ~[na:1.8.0_25]
	at java.net.SocksSocketImpl.connect(SocksSocketImpl.java:392) ~[na:1.8.0_25]
	at java.net.Socket.connect(Socket.java:589) ~[na:1.8.0_25]
	at java.net.Socket.connect(Socket.java:538) ~[na:1.8.0_25]
	at java.net.Socket.<init>(Socket.java:434) ~[na:1.8.0_25]
	at java.net.Socket.<init>(Socket.java:286) ~[na:1.8.0_25]
	at org.apache.commons.httpclient.protocol.DefaultProtocolSocketFactory.createSocket(DefaultProtocolSocketFactory.java:80) ~[na:na]
	at org.apache.commons.httpclient.protocol.DefaultProtocolSocketFactory.createSocket(DefaultProtocolSocketFactory.java:122) ~[na:na]
	at org.apache.commons.httpclient.HttpConnection.open(HttpConnection.java:707) ~[org.apache.commons.httpclient_3.1.0.v201012070820.jar:na]
	at org.apache.commons.httpclient.MultiThreadedHttpConnectionManager$HttpConnectionAdapter.open(MultiThreadedHttpConnectionManager.java:1361) ~[org.apache.commons.httpclient_3.1.0.v201012070820.jar:na]
	at org.apache.commons.httpclient.HttpMethodDirector.executeWithRetry(HttpMethodDirector.java:387) ~[org.apache.commons.httpclient_3.1.0.v201012070820.jar:na]
	at org.apache.commons.httpclient.HttpMethodDirector.executeMethod(HttpMethodDirector.java:171) ~[org.apache.commons.httpclient_3.1.0.v201012070820.jar:na]
	at org.apache.commons.httpclient.HttpClient.executeMethod(HttpClient.java:397) ~[org.apache.commons.httpclient_3.1.0.v201012070820.jar:na]
	at org.apache.commons.httpclient.HttpClient.executeMethod(HttpClient.java:323) ~[org.apache.commons.httpclient_3.1.0.v201012070820.jar:na]
	at org.apache.camel.component.http.HttpProducer.executeMethod(HttpProducer.java:243) ~[com.codetrails.camel_2.10.2.v20140305-1000.jar:na]
	at org.apache.camel.component.http.HttpProducer.process(HttpProducer.java:145) ~[com.codetrails.camel_2.10.2.v20140305-1000.jar:na]
	at org.apache.camel.util.AsyncProcessorConverterHelper$ProcessorToAsyncProcessorBridge.process(AsyncProcessorConverterHelper.java:61) ~[com.codetrails.camel_2.10.2.v20140305-1000.jar:na]
	at org.apache.camel.util.AsyncProcessorHelper.process(AsyncProcessorHelper.java:73) ~[com.codetrails.camel_2.10.2.v20140305-1000.jar:na]
	at org.apache.camel.processor.SendProcessor$2.doInAsyncProducer(SendProcessor.java:122) ~[com.codetrails.camel_2.10.2.v20140305-1000.jar:na]
	at org.apache.camel.impl.ProducerCache.doInAsyncProducer(ProducerCache.java:298) ~[com.codetrails.camel_2.10.2.v20140305-1000.jar:na]
	at org.apache.camel.processor.SendProcessor.process(SendProcessor.java:117) ~[com.codetrails.camel_2.10.2.v20140305-1000.jar:na]
	at org.apache.camel.util.AsyncProcessorHelper.process(AsyncProcessorHelper.java:73) ~[com.codetrails.camel_2.10.2.v20140305-1000.jar:na]
	at org.apache.camel.processor.DelegateAsyncProcessor.processNext(DelegateAsyncProcessor.java:99) ~[com.codetrails.camel_2.10.2.v20140305-1000.jar:na]
	at org.apache.camel.processor.DelegateAsyncProcessor.process(DelegateAsyncProcessor.java:90) ~[com.codetrails.camel_2.10.2.v20140305-1000.jar:na]
	at org.apache.camel.management.InstrumentationProcessor.process(InstrumentationProcessor.java:73) ~[com.codetrails.camel_2.10.2.v20140305-1000.jar:na]
	at org.apache.camel.util.AsyncProcessorHelper.process(AsyncProcessorHelper.java:73) ~[com.codetrails.camel_2.10.2.v20140305-1000.jar:na]
	at org.apache.camel.processor.DelegateAsyncProcessor.processNext(DelegateAsyncProcessor.java:99) ~[com.codetrails.camel_2.10.2.v20140305-1000.jar:na]
	at org.apache.camel.processor.DelegateAsyncProcessor.process(DelegateAsyncProcessor.java:90) ~[com.codetrails.camel_2.10.2.v20140305-1000.jar:na]
	at org.apache.camel.processor.interceptor.TraceInterceptor.process(TraceInterceptor.java:91) ~[com.codetrails.camel_2.10.2.v20140305-1000.jar:na]
	at org.apache.camel.util.AsyncProcessorHelper.process(AsyncProcessorHelper.java:73) ~[com.codetrails.camel_2.10.2.v20140305-1000.jar:na]
	at org.apache.camel.processor.RedeliveryErrorHandler.processErrorHandler(RedeliveryErrorHandler.java:334) ~[com.codetrails.camel_2.10.2.v20140305-1000.jar:na]
	at org.apache.camel.processor.RedeliveryErrorHandler.process(RedeliveryErrorHandler.java:220) ~[com.codetrails.camel_2.10.2.v20140305-1000.jar:na]
	at org.apache.camel.processor.RouteContextProcessor.processNext(RouteContextProcessor.java:45) ~[com.codetrails.camel_2.10.2.v20140305-1000.jar:na]
	at org.apache.camel.processor.DelegateAsyncProcessor.process(DelegateAsyncProcessor.java:90) ~[com.codetrails.camel_2.10.2.v20140305-1000.jar:na]
	at org.apache.camel.processor.interceptor.DefaultChannel.process(DefaultChannel.java:303) ~[com.codetrails.camel_2.10.2.v20140305-1000.jar:na]
	at org.apache.camel.util.AsyncProcessorHelper.process(AsyncProcessorHelper.java:73) ~[com.codetrails.camel_2.10.2.v20140305-1000.jar:na]
	at org.apache.camel.processor.Pipeline.process(Pipeline.java:117) ~[com.codetrails.camel_2.10.2.v20140305-1000.jar:na]
	at org.apache.camel.processor.Pipeline.process(Pipeline.java:80) ~[com.codetrails.camel_2.10.2.v20140305-1000.jar:na]
	at org.apache.camel.processor.RouteContextProcessor.processNext(RouteContextProcessor.java:45) ~[com.codetrails.camel_2.10.2.v20140305-1000.jar:na]
	at org.apache.camel.processor.DelegateAsyncProcessor.process(DelegateAsyncProcessor.java:90) ~[com.codetrails.camel_2.10.2.v20140305-1000.jar:na]
	at org.apache.camel.processor.UnitOfWorkProcessor.processAsync(UnitOfWorkProcessor.java:150) ~[com.codetrails.camel_2.10.2.v20140305-1000.jar:na]
	at org.apache.camel.processor.UnitOfWorkProcessor.process(UnitOfWorkProcessor.java:117) ~[com.codetrails.camel_2.10.2.v20140305-1000.jar:na]
	at org.apache.camel.util.AsyncProcessorHelper.process(AsyncProcessorHelper.java:99) ~[com.codetrails.camel_2.10.2.v20140305-1000.jar:na]
	at org.apache.camel.processor.DelegateAsyncProcessor.process(DelegateAsyncProcessor.java:86) ~[com.codetrails.camel_2.10.2.v20140305-1000.jar:na]
	at org.apache.camel.processor.aggregate.AggregateProcessor$1.run(AggregateProcessor.java:425) ~[com.codetrails.camel_2.10.2.v20140305-1000.jar:na]
	at java.util.concurrent.Executors$RunnableAdapter.call(Executors.java:511) [na:1.8.0_25]
	at java.util.concurrent.FutureTask.run(FutureTask.java:266) [na:1.8.0_25]
	at org.apache.camel.util.concurrent.SynchronousExecutorService.execute(SynchronousExecutorService.java:62) [com.codetrails.camel_2.10.2.v20140305-1000.jar:na]
	at java.util.concurrent.AbstractExecutorService.submit(AbstractExecutorService.java:112) [na:1.8.0_25]
	at org.apache.camel.processor.aggregate.AggregateProcessor.onSubmitCompletion(AggregateProcessor.java:417) [com.codetrails.camel_2.10.2.v20140305-1000.jar:na]
	at org.apache.camel.processor.aggregate.AggregateProcessor.onCompletion(AggregateProcessor.java:401) [com.codetrails.camel_2.10.2.v20140305-1000.jar:na]
	at org.apache.camel.processor.aggregate.AggregateProcessor$AggregationTimeoutMap.onEviction(AggregateProcessor.java:692) [com.codetrails.camel_2.10.2.v20140305-1000.jar:na]
	at org.apache.camel.processor.aggregate.AggregateProcessor$AggregationTimeoutMap.onEviction(AggregateProcessor.java:659) [com.codetrails.camel_2.10.2.v20140305-1000.jar:na]
	at org.apache.camel.support.DefaultTimeoutMap.purge(DefaultTimeoutMap.java:203) [com.codetrails.camel_2.10.2.v20140305-1000.jar:na]
	at org.apache.camel.processor.aggregate.AggregateProcessor$AggregationTimeoutMap.purge(AggregateProcessor.java:671) [com.codetrails.camel_2.10.2.v20140305-1000.jar:na]
	at org.apache.camel.support.DefaultTimeoutMap.run(DefaultTimeoutMap.java:159) [com.codetrails.camel_2.10.2.v20140305-1000.jar:na]
	at java.util.concurrent.Executors$RunnableAdapter.call(Executors.java:511) [na:1.8.0_25]
	at java.util.concurrent.FutureTask.runAndReset(FutureTask.java:308) [na:1.8.0_25]
	at java.util.concurrent.ScheduledThreadPoolExecutor$ScheduledFutureTask.access$301(ScheduledThreadPoolExecutor.java:180) [na:1.8.0_25]
	at java.util.concurrent.ScheduledThreadPoolExecutor$ScheduledFutureTask.run(ScheduledThreadPoolExecutor.java:294) [na:1.8.0_25]
	at java.util.concurrent.ThreadPoolExecutor.runWorker(ThreadPoolExecutor.java:1142) [na:1.8.0_25]
	at java.util.concurrent.ThreadPoolExecutor$Worker.run(ThreadPoolExecutor.java:617) [na:1.8.0_25]
	at java.lang.Thread.run(Thread.java:745) [na:1.8.0_25]
2015-01-07 14:46:34,937 [main] WARN  o.e.r.i.c.rcp.TypeBindingAnalyzer - Can't handle class org.eclipse.jdt.internal.compiler.ast.ArrayReference as parent of completion location.
2015-01-07 14:50:17,214 [main] INFO  o.a.camel.impl.DefaultCamelContext - Apache Camel 2.10.2 (CamelContext: camel-1) is shutting down
2015-01-07 14:50:17,216 [main] INFO  o.a.c.impl.DefaultShutdownStrategy - Starting to graceful shutdown 6 routes (timeout 300 seconds)
2015-01-07 14:50:19,463 [Camel (camel-1) thread #23 - ShutdownTask] INFO  o.a.c.impl.DefaultShutdownStrategy - Route: route6 shutdown complete, was consuming from: Endpoint[seda://com.codetrails.hippie.completion.rcp.ovrd?waitForTaskToComplete=Never]
2015-01-07 14:50:19,463 [Camel (camel-1) thread #23 - ShutdownTask] INFO  o.a.c.impl.DefaultShutdownStrategy - Route: route5 shutdown complete, was consuming from: Endpoint[direct://com.codetrails.hippie.completion.rcp.ovrd]
2015-01-07 14:50:19,464 [Camel (camel-1) thread #23 - ShutdownTask] INFO  o.a.c.impl.DefaultShutdownStrategy - Route: route4 shutdown complete, was consuming from: Endpoint[seda://com.codetrails.hippie.completion.rcp.ctor?waitForTaskToComplete=Never]
2015-01-07 14:50:19,464 [Camel (camel-1) thread #23 - ShutdownTask] INFO  o.a.c.impl.DefaultShutdownStrategy - Route: route3 shutdown complete, was consuming from: Endpoint[direct://com.codetrails.hippie.completion.rcp.ctor]
2015-01-07 14:50:19,464 [Camel (camel-1) thread #23 - ShutdownTask] INFO  o.a.c.impl.DefaultShutdownStrategy - Route: route2 shutdown complete, was consuming from: Endpoint[seda://com.codetrails.hippie.completion.rcp.call?waitForTaskToComplete=Never]
2015-01-07 14:50:19,465 [Camel (camel-1) thread #23 - ShutdownTask] INFO  o.a.c.impl.DefaultShutdownStrategy - Route: route1 shutdown complete, was consuming from: Endpoint[direct://com.codetrails.hippie.completion.rcp.call]
2015-01-07 14:50:19,465 [main] INFO  o.a.c.impl.DefaultShutdownStrategy - Graceful shutdown of 6 routes completed in 2 seconds
2015-01-07 14:50:19,477 [main] INFO  o.a.c.i.c.DefaultTypeConverter - TypeConverterRegistry utilization[attempts=79, hits=70, misses=9, failures=0] mappings[total=193, misses=2]
2015-01-07 14:50:19,478 [main] INFO  o.a.camel.impl.DefaultCamelContext - Apache Camel 2.10.2 (CamelContext: camel-1) is shutdown in 2.264 seconds. Uptime 2 days.
2015-01-09 13:27:12,403 [main] INFO  o.a.c.i.c.DefaultTypeConverter - Loaded 182 type converters
2015-01-09 13:27:12,424 [main] INFO  o.a.camel.impl.DefaultCamelContext - Apache Camel 2.10.2 (CamelContext: camel-1) is starting
2015-01-09 13:27:12,557 [main] INFO  o.a.c.m.ManagementStrategyFactory - JMX enabled.
2015-01-09 13:27:12,646 [main] INFO  o.a.c.m.DefaultManagementLifecycleStrategy - StatisticsLevel at All so enabling load performance statistics
2015-01-09 13:27:12,662 [main] INFO  o.a.camel.impl.DefaultCamelContext - Total 0 routes, of which 0 is started.
2015-01-09 13:27:12,664 [main] INFO  o.a.camel.impl.DefaultCamelContext - Apache Camel 2.10.2 (CamelContext: camel-1) started in 0.239 seconds
2015-01-09 13:27:14,158 [main] INFO  o.a.camel.impl.DefaultCamelContext - Route: route1 started and consuming from: Endpoint[direct://com.codetrails.hippie.completion.rcp.ctor]
2015-01-09 13:27:14,246 [main] INFO  o.a.c.p.a.AggregateProcessor - Using CompletionTimeout to trigger after 0 millis of inactivity.
2015-01-09 13:27:14,285 [main] INFO  o.a.camel.impl.DefaultCamelContext - Route: route2 started and consuming from: Endpoint[seda://com.codetrails.hippie.completion.rcp.ctor?waitForTaskToComplete=Never]
2015-01-09 13:27:14,319 [main] INFO  o.a.camel.impl.DefaultCamelContext - Route: route3 started and consuming from: Endpoint[direct://com.codetrails.hippie.completion.rcp.ovrd]
2015-01-09 13:27:14,361 [main] INFO  o.a.c.p.a.AggregateProcessor - Using CompletionTimeout to trigger after 0 millis of inactivity.
2015-01-09 13:27:14,394 [main] INFO  o.a.camel.impl.DefaultCamelContext - Route: route4 started and consuming from: Endpoint[seda://com.codetrails.hippie.completion.rcp.ovrd?waitForTaskToComplete=Never]
2015-01-09 13:27:14,437 [main] INFO  o.a.camel.impl.DefaultCamelContext - Route: route5 started and consuming from: Endpoint[direct://com.codetrails.hippie.completion.rcp.call]
2015-01-09 13:27:14,460 [main] INFO  o.a.c.p.a.AggregateProcessor - Using CompletionTimeout to trigger after 0 millis of inactivity.
2015-01-09 13:27:14,489 [main] INFO  o.a.camel.impl.DefaultCamelContext - Route: route6 started and consuming from: Endpoint[seda://com.codetrails.hippie.completion.rcp.call?waitForTaskToComplete=Never]
2015-01-09 15:28:18,717 [main] INFO  o.a.camel.impl.DefaultCamelContext - Apache Camel 2.10.2 (CamelContext: camel-1) is shutting down
2015-01-09 15:28:18,719 [main] INFO  o.a.c.impl.DefaultShutdownStrategy - Starting to graceful shutdown 6 routes (timeout 300 seconds)
2015-01-09 15:28:20,965 [Camel (camel-1) thread #12 - ShutdownTask] INFO  o.a.c.impl.DefaultShutdownStrategy - Route: route6 shutdown complete, was consuming from: Endpoint[seda://com.codetrails.hippie.completion.rcp.call?waitForTaskToComplete=Never]
2015-01-09 15:28:20,967 [Camel (camel-1) thread #12 - ShutdownTask] INFO  o.a.c.impl.DefaultShutdownStrategy - Route: route5 shutdown complete, was consuming from: Endpoint[direct://com.codetrails.hippie.completion.rcp.call]
2015-01-09 15:28:20,967 [Camel (camel-1) thread #12 - ShutdownTask] INFO  o.a.c.impl.DefaultShutdownStrategy - Route: route4 shutdown complete, was consuming from: Endpoint[seda://com.codetrails.hippie.completion.rcp.ovrd?waitForTaskToComplete=Never]
2015-01-09 15:28:20,967 [Camel (camel-1) thread #12 - ShutdownTask] INFO  o.a.c.impl.DefaultShutdownStrategy - Route: route3 shutdown complete, was consuming from: Endpoint[direct://com.codetrails.hippie.completion.rcp.ovrd]
2015-01-09 15:28:20,968 [Camel (camel-1) thread #12 - ShutdownTask] INFO  o.a.c.impl.DefaultShutdownStrategy - Route: route2 shutdown complete, was consuming from: Endpoint[seda://com.codetrails.hippie.completion.rcp.ctor?waitForTaskToComplete=Never]
2015-01-09 15:28:20,968 [Camel (camel-1) thread #12 - ShutdownTask] INFO  o.a.c.impl.DefaultShutdownStrategy - Route: route1 shutdown complete, was consuming from: Endpoint[direct://com.codetrails.hippie.completion.rcp.ctor]
2015-01-09 15:28:20,969 [main] INFO  o.a.c.impl.DefaultShutdownStrategy - Graceful shutdown of 6 routes completed in 2 seconds
2015-01-09 15:28:20,983 [main] INFO  o.a.c.i.c.DefaultTypeConverter - TypeConverterRegistry utilization[attempts=27, hits=24, misses=3, failures=0] mappings[total=193, misses=2]
2015-01-09 15:28:20,984 [main] INFO  o.a.camel.impl.DefaultCamelContext - Apache Camel 2.10.2 (CamelContext: camel-1) is shutdown in 2.267 seconds. Uptime 2 hours 1 minute.
2015-01-23 09:45:22,964 [main] INFO  o.a.c.i.c.DefaultTypeConverter - Loaded 182 type converters
2015-01-23 09:45:22,985 [main] INFO  o.a.camel.impl.DefaultCamelContext - Apache Camel 2.10.2 (CamelContext: camel-1) is starting
2015-01-23 09:45:23,119 [main] INFO  o.a.c.m.ManagementStrategyFactory - JMX enabled.
2015-01-23 09:45:23,209 [main] INFO  o.a.c.m.DefaultManagementLifecycleStrategy - StatisticsLevel at All so enabling load performance statistics
2015-01-23 09:45:23,226 [main] INFO  o.a.camel.impl.DefaultCamelContext - Total 0 routes, of which 0 is started.
2015-01-23 09:45:23,227 [main] INFO  o.a.camel.impl.DefaultCamelContext - Apache Camel 2.10.2 (CamelContext: camel-1) started in 0.241 seconds
2015-01-23 09:45:24,771 [main] INFO  o.a.camel.impl.DefaultCamelContext - Route: route1 started and consuming from: Endpoint[direct://com.codetrails.hippie.completion.rcp.ctor]
2015-01-23 09:45:24,864 [main] INFO  o.a.c.p.a.AggregateProcessor - Using CompletionTimeout to trigger after 0 millis of inactivity.
2015-01-23 09:45:24,909 [main] INFO  o.a.camel.impl.DefaultCamelContext - Route: route2 started and consuming from: Endpoint[seda://com.codetrails.hippie.completion.rcp.ctor?waitForTaskToComplete=Never]
2015-01-23 09:45:24,976 [main] INFO  o.a.camel.impl.DefaultCamelContext - Route: route3 started and consuming from: Endpoint[direct://com.codetrails.hippie.completion.rcp.ovrd]
2015-01-23 09:45:25,007 [main] INFO  o.a.c.p.a.AggregateProcessor - Using CompletionTimeout to trigger after 0 millis of inactivity.
2015-01-23 09:45:25,046 [main] INFO  o.a.camel.impl.DefaultCamelContext - Route: route4 started and consuming from: Endpoint[seda://com.codetrails.hippie.completion.rcp.ovrd?waitForTaskToComplete=Never]
2015-01-23 09:45:25,081 [main] INFO  o.a.camel.impl.DefaultCamelContext - Route: route5 started and consuming from: Endpoint[direct://com.codetrails.hippie.completion.rcp.call]
2015-01-23 09:45:25,112 [main] INFO  o.a.c.p.a.AggregateProcessor - Using CompletionTimeout to trigger after 0 millis of inactivity.
2015-01-23 09:45:25,143 [main] INFO  o.a.camel.impl.DefaultCamelContext - Route: route6 started and consuming from: Endpoint[seda://com.codetrails.hippie.completion.rcp.call?waitForTaskToComplete=Never]
2015-01-23 10:50:15,354 [main] INFO  o.a.camel.impl.DefaultCamelContext - Apache Camel 2.10.2 (CamelContext: camel-1) is shutting down
2015-01-23 10:50:15,357 [main] INFO  o.a.c.impl.DefaultShutdownStrategy - Starting to graceful shutdown 6 routes (timeout 300 seconds)
2015-01-23 10:50:17,682 [Camel (camel-1) thread #22 - ShutdownTask] INFO  o.a.c.impl.DefaultShutdownStrategy - Route: route6 shutdown complete, was consuming from: Endpoint[seda://com.codetrails.hippie.completion.rcp.call?waitForTaskToComplete=Never]
2015-01-23 10:50:17,683 [Camel (camel-1) thread #22 - ShutdownTask] INFO  o.a.c.impl.DefaultShutdownStrategy - Route: route5 shutdown complete, was consuming from: Endpoint[direct://com.codetrails.hippie.completion.rcp.call]
2015-01-23 10:50:17,684 [Camel (camel-1) thread #22 - ShutdownTask] INFO  o.a.c.impl.DefaultShutdownStrategy - Route: route4 shutdown complete, was consuming from: Endpoint[seda://com.codetrails.hippie.completion.rcp.ovrd?waitForTaskToComplete=Never]
2015-01-23 10:50:17,684 [Camel (camel-1) thread #22 - ShutdownTask] INFO  o.a.c.impl.DefaultShutdownStrategy - Route: route3 shutdown complete, was consuming from: Endpoint[direct://com.codetrails.hippie.completion.rcp.ovrd]
2015-01-23 10:50:17,685 [Camel (camel-1) thread #22 - ShutdownTask] INFO  o.a.c.impl.DefaultShutdownStrategy - Route: route2 shutdown complete, was consuming from: Endpoint[seda://com.codetrails.hippie.completion.rcp.ctor?waitForTaskToComplete=Never]
2015-01-23 10:50:17,685 [Camel (camel-1) thread #22 - ShutdownTask] INFO  o.a.c.impl.DefaultShutdownStrategy - Route: route1 shutdown complete, was consuming from: Endpoint[direct://com.codetrails.hippie.completion.rcp.ctor]
2015-01-23 10:50:18,352 [Camel (camel-1) thread #22 - ShutdownTask] INFO  o.a.c.p.a.AggregateProcessor - Forcing completion of all groups with 1 exchanges completed in 0.001 seconds
2015-01-23 10:50:18,353 [main] INFO  o.a.c.impl.DefaultShutdownStrategy - Graceful shutdown of 6 routes completed in 2 seconds
2015-01-23 10:50:18,371 [main] INFO  o.a.c.i.c.DefaultTypeConverter - TypeConverterRegistry utilization[attempts=69, hits=62, misses=7, failures=0] mappings[total=193, misses=2]
2015-01-23 10:50:18,372 [main] INFO  o.a.camel.impl.DefaultCamelContext - Apache Camel 2.10.2 (CamelContext: camel-1) is shutdown in 3.018 seconds. Uptime 1 hour 4 minutes.
2015-01-23 13:20:31,571 [main] INFO  o.a.c.i.c.DefaultTypeConverter - Loaded 182 type converters
2015-01-23 13:20:31,589 [main] INFO  o.a.camel.impl.DefaultCamelContext - Apache Camel 2.10.2 (CamelContext: camel-1) is starting
2015-01-23 13:20:31,730 [main] INFO  o.a.c.m.ManagementStrategyFactory - JMX enabled.
2015-01-23 13:20:31,822 [main] INFO  o.a.c.m.DefaultManagementLifecycleStrategy - StatisticsLevel at All so enabling load performance statistics
2015-01-23 13:20:31,839 [main] INFO  o.a.camel.impl.DefaultCamelContext - Total 0 routes, of which 0 is started.
2015-01-23 13:20:31,840 [main] INFO  o.a.camel.impl.DefaultCamelContext - Apache Camel 2.10.2 (CamelContext: camel-1) started in 0.250 seconds
2015-01-23 13:20:33,261 [main] INFO  o.a.camel.impl.DefaultCamelContext - Route: route1 started and consuming from: Endpoint[direct://com.codetrails.hippie.completion.rcp.ovrd]
2015-01-23 13:20:33,390 [main] INFO  o.a.c.p.a.AggregateProcessor - Using CompletionTimeout to trigger after 0 millis of inactivity.
2015-01-23 13:20:33,438 [main] INFO  o.a.camel.impl.DefaultCamelContext - Route: route2 started and consuming from: Endpoint[seda://com.codetrails.hippie.completion.rcp.ovrd?waitForTaskToComplete=Never]
2015-01-23 13:20:33,527 [main] INFO  o.a.camel.impl.DefaultCamelContext - Route: route3 started and consuming from: Endpoint[direct://com.codetrails.hippie.completion.rcp.ctor]
2015-01-23 13:20:33,561 [main] INFO  o.a.c.p.a.AggregateProcessor - Using CompletionTimeout to trigger after 0 millis of inactivity.
2015-01-23 13:20:33,625 [main] INFO  o.a.camel.impl.DefaultCamelContext - Route: route4 started and consuming from: Endpoint[seda://com.codetrails.hippie.completion.rcp.ctor?waitForTaskToComplete=Never]
2015-01-23 13:20:33,719 [main] INFO  o.a.camel.impl.DefaultCamelContext - Route: route5 started and consuming from: Endpoint[direct://com.codetrails.hippie.completion.rcp.call]
2015-01-23 13:20:33,752 [main] INFO  o.a.c.p.a.AggregateProcessor - Using CompletionTimeout to trigger after 0 millis of inactivity.
2015-01-23 13:20:33,786 [main] INFO  o.a.camel.impl.DefaultCamelContext - Route: route6 started and consuming from: Endpoint[seda://com.codetrails.hippie.completion.rcp.call?waitForTaskToComplete=Never]
2015-01-23 14:12:22,738 [main] INFO  o.a.camel.impl.DefaultCamelContext - Apache Camel 2.10.2 (CamelContext: camel-1) is shutting down
2015-01-23 14:12:22,740 [main] INFO  o.a.c.impl.DefaultShutdownStrategy - Starting to graceful shutdown 6 routes (timeout 300 seconds)
2015-01-23 14:12:25,574 [Camel (camel-1) thread #7 - ShutdownTask] INFO  o.a.c.impl.DefaultShutdownStrategy - Route: route6 shutdown complete, was consuming from: Endpoint[seda://com.codetrails.hippie.completion.rcp.call?waitForTaskToComplete=Never]
2015-01-23 14:12:25,576 [Camel (camel-1) thread #7 - ShutdownTask] INFO  o.a.c.impl.DefaultShutdownStrategy - Route: route5 shutdown complete, was consuming from: Endpoint[direct://com.codetrails.hippie.completion.rcp.call]
2015-01-23 14:12:25,576 [Camel (camel-1) thread #7 - ShutdownTask] INFO  o.a.c.impl.DefaultShutdownStrategy - Route: route4 shutdown complete, was consuming from: Endpoint[seda://com.codetrails.hippie.completion.rcp.ctor?waitForTaskToComplete=Never]
2015-01-23 14:12:25,576 [Camel (camel-1) thread #7 - ShutdownTask] INFO  o.a.c.impl.DefaultShutdownStrategy - Route: route3 shutdown complete, was consuming from: Endpoint[direct://com.codetrails.hippie.completion.rcp.ctor]
2015-01-23 14:12:25,577 [Camel (camel-1) thread #7 - ShutdownTask] INFO  o.a.c.impl.DefaultShutdownStrategy - Route: route2 shutdown complete, was consuming from: Endpoint[seda://com.codetrails.hippie.completion.rcp.ovrd?waitForTaskToComplete=Never]
2015-01-23 14:12:25,577 [Camel (camel-1) thread #7 - ShutdownTask] INFO  o.a.c.impl.DefaultShutdownStrategy - Route: route1 shutdown complete, was consuming from: Endpoint[direct://com.codetrails.hippie.completion.rcp.ovrd]
2015-01-23 14:12:25,578 [main] INFO  o.a.c.impl.DefaultShutdownStrategy - Graceful shutdown of 6 routes completed in 2 seconds
2015-01-23 14:12:25,594 [main] INFO  o.a.c.i.c.DefaultTypeConverter - TypeConverterRegistry utilization[attempts=9, hits=9, misses=0, failures=0] mappings[total=190, misses=0]
2015-01-23 14:12:25,596 [main] INFO  o.a.camel.impl.DefaultCamelContext - Apache Camel 2.10.2 (CamelContext: camel-1) is shutdown in 2.857 seconds. Uptime 51 minutes.
